Unable to find image 'archlinux:latest' locally
latest: Pulling from library/archlinux
976a2c87c6cd: Pulling fs layer
dfb366f7addb: Pulling fs layer
dfb366f7addb: Verifying Checksum
dfb366f7addb: Download complete
976a2c87c6cd: Download complete
976a2c87c6cd: Pull complete
dfb366f7addb: Pull complete
Digest: sha256:237637c52069930ed7fc76c76f04b6b6b9cf82c5222ae002b7932df983cb69c1
Status: Downloaded newer image for archlinux:latest
:: Synchronizing package databases...
 core downloading...
 extra downloading...
==> Adding package 'target/arch/myth-0.1.0-1-aarch64.pkg.tar.zst'
  -> Computing checksums...
  -> Creating 'desc' db entry...
  -> Creating 'files' db entry...
==> Creating updated database file 'target/arch/myth.db.tar.gz'
==> Extracting myth.db.tar.gz to a temporary location...
==> Extracting myth.files.tar.gz to a temporary location...
==> Adding package 'target/arch/myth-0.1.0-1-x86_64.pkg.tar.zst'
==> WARNING: An entry for 'myth-0.1.0-1' already existed
  -> Computing checksums...
  -> Removing existing entry 'myth-0.1.0-1'...
  -> Creating 'desc' db entry...
  -> Creating 'files' db entry...
==> Creating updated database file 'target/arch/myth.db.tar.gz'
